{"/workspace/Resturant-Booking/static/js/booking.js": {"path":"/workspace/Resturant-Booking/static/js/booking.js","statementMap":{"0":{"start":{"line":3,"column":8},"end":{"line":3,"column":52}},"1":{"start":{"line":4,"column":8},"end":{"line":6,"column":9}},"2":{"start":{"line":5,"column":12},"end":{"line":5,"column":79}},"3":{"start":{"line":10,"column":8},"end":{"line":10,"column":37}},"4":{"start":{"line":10,"column":24},"end":{"line":10,"column":37}},"5":{"start":{"line":12,"column":21},"end":{"line":12,"column":56}},"6":{"start":{"line":13,"column":21},"end":{"line":13,"column":56}},"7":{"start":{"line":14,"column":23},"end":{"line":14,"column":70}},"8":{"start":{"line":16,"column":8},"end":{"line":16,"column":52}},"9":{"start":{"line":16,"column":39},"end":{"line":16,"column":52}},"10":{"start":{"line":18,"column":22},"end":{"line":18,"column":26}},"11":{"start":{"line":19,"column":8},"end":{"line":19,"column":27}},"12":{"start":{"line":22,"column":8},"end":{"line":25,"column":9}},"13":{"start":{"line":23,"column":12},"end":{"line":23,"column":57}},"14":{"start":{"line":24,"column":12},"end":{"line":24,"column":28}},"15":{"start":{"line":28,"column":8},"end":{"line":31,"column":9}},"16":{"start":{"line":29,"column":12},"end":{"line":29,"column":57}},"17":{"start":{"line":30,"column":12},"end":{"line":30,"column":28}},"18":{"start":{"line":34,"column":26},"end":{"line":34,"column":48}},"19":{"start":{"line":35,"column":8},"end":{"line":38,"column":9}},"20":{"start":{"line":36,"column":12},"end":{"line":36,"column":77}},"21":{"start":{"line":37,"column":12},"end":{"line":37,"column":28}},"22":{"start":{"line":40,"column":8},"end":{"line":40,"column":23}},"23":{"start":{"line":44,"column":8},"end":{"line":44,"column":31}},"24":{"start":{"line":44,"column":24},"end":{"line":44,"column":31}},"25":{"start":{"line":46,"column":23},"end":{"line":46,"column":58}},"26":{"start":{"line":47,"column":8},"end":{"line":53,"column":11}},"27":{"start":{"line":48,"column":12},"end":{"line":48,"column":49}},"28":{"start":{"line":49,"column":29},"end":{"line":49,"column":80}},"29":{"start":{"line":50,"column":12},"end":{"line":52,"column":13}},"30":{"start":{"line":51,"column":16},"end":{"line":51,"column":34}},"31":{"start":{"line":57,"column":8},"end":{"line":57,"column":27}},"32":{"start":{"line":57,"column":20},"end":{"line":57,"column":27}},"33":{"start":{"line":59,"column":8},"end":{"line":59,"column":42}},"34":{"start":{"line":60,"column":25},"end":{"line":60,"column":54}},"35":{"start":{"line":61,"column":8},"end":{"line":61,"column":51}},"36":{"start":{"line":62,"column":8},"end":{"line":62,"column":39}},"37":{"start":{"line":63,"column":8},"end":{"line":63,"column":47}},"38":{"start":{"line":67,"column":8},"end":{"line":67,"column":31}},"39":{"start":{"line":67,"column":24},"end":{"line":67,"column":31}},"40":{"start":{"line":69,"column":8},"end":{"line":71,"column":9}},"41":{"start":{"line":70,"column":12},"end":{"line":70,"column":35}},"42":{"start":{"line":75,"column":0},"end":{"line":75,"column":29}}},"fnMap":{"0":{"name":"(anonymous_0)","decl":{"start":{"line":2,"column":4},"end":{"line":2,"column":5}},"loc":{"start":{"line":2,"column":24},"end":{"line":7,"column":5}},"line":2},"1":{"name":"(anonymous_1)","decl":{"start":{"line":9,"column":4},"end":{"line":9,"column":5}},"loc":{"start":{"line":9,"column":19},"end":{"line":41,"column":5}},"line":9},"2":{"name":"(anonymous_2)","decl":{"start":{"line":43,"column":4},"end":{"line":43,"column":5}},"loc":{"start":{"line":43,"column":18},"end":{"line":54,"column":5}},"line":43},"3":{"name":"(anonymous_3)","decl":{"start":{"line":47,"column":23},"end":{"line":47,"column":24}},"loc":{"start":{"line":47,"column":32},"end":{"line":53,"column":9}},"line":47},"4":{"name":"(anonymous_4)","decl":{"start":{"line":56,"column":4},"end":{"line":56,"column":5}},"loc":{"start":{"line":56,"column":30},"end":{"line":64,"column":5}},"line":56},"5":{"name":"(anonymous_5)","decl":{"start":{"line":66,"column":4},"end":{"line":66,"column":5}},"loc":{"start":{"line":66,"column":24},"end":{"line":72,"column":5}},"line":66}},"branchMap":{"0":{"loc":{"start":{"line":4,"column":8},"end":{"line":6,"column":9}},"type":"if","locations":[{"start":{"line":4,"column":8},"end":{"line":6,"column":9}},{"start":{},"end":{}}],"line":4},"1":{"loc":{"start":{"line":10,"column":8},"end":{"line":10,"column":37}},"type":"if","locations":[{"start":{"line":10,"column":8},"end":{"line":10,"column":37}},{"start":{},"end":{}}],"line":10},"2":{"loc":{"start":{"line":16,"column":8},"end":{"line":16,"column":52}},"type":"if","locations":[{"start":{"line":16,"column":8},"end":{"line":16,"column":52}},{"start":{},"end":{}}],"line":16},"3":{"loc":{"start":{"line":16,"column":12},"end":{"line":16,"column":37}},"type":"binary-expr","locations":[{"start":{"line":16,"column":12},"end":{"line":16,"column":17}},{"start":{"line":16,"column":21},"end":{"line":16,"column":26}},{"start":{"line":16,"column":30},"end":{"line":16,"column":37}}],"line":16},"4":{"loc":{"start":{"line":22,"column":8},"end":{"line":25,"column":9}},"type":"if","locations":[{"start":{"line":22,"column":8},"end":{"line":25,"column":9}},{"start":{},"end":{}}],"line":22},"5":{"loc":{"start":{"line":28,"column":8},"end":{"line":31,"column":9}},"type":"if","locations":[{"start":{"line":28,"column":8},"end":{"line":31,"column":9}},{"start":{},"end":{}}],"line":28},"6":{"loc":{"start":{"line":35,"column":8},"end":{"line":38,"column":9}},"type":"if","locations":[{"start":{"line":35,"column":8},"end":{"line":38,"column":9}},{"start":{},"end":{}}],"line":35},"7":{"loc":{"start":{"line":35,"column":12},"end":{"line":35,"column":57}},"type":"binary-expr","locations":[{"start":{"line":35,"column":12},"end":{"line":35,"column":22}},{"start":{"line":35,"column":26},"end":{"line":35,"column":39}},{"start":{"line":35,"column":43},"end":{"line":35,"column":57}}],"line":35},"8":{"loc":{"start":{"line":44,"column":8},"end":{"line":44,"column":31}},"type":"if","locations":[{"start":{"line":44,"column":8},"end":{"line":44,"column":31}},{"start":{},"end":{}}],"line":44},"9":{"loc":{"start":{"line":50,"column":12},"end":{"line":52,"column":13}},"type":"if","locations":[{"start":{"line":50,"column":12},"end":{"line":52,"column":13}},{"start":{},"end":{}}],"line":50},"10":{"loc":{"start":{"line":57,"column":8},"end":{"line":57,"column":27}},"type":"if","locations":[{"start":{"line":57,"column":8},"end":{"line":57,"column":27}},{"start":{},"end":{}}],"line":57},"11":{"loc":{"start":{"line":67,"column":8},"end":{"line":67,"column":31}},"type":"if","locations":[{"start":{"line":67,"column":8},"end":{"line":67,"column":31}},{"start":{},"end":{}}],"line":67},"12":{"loc":{"start":{"line":69,"column":8},"end":{"line":71,"column":9}},"type":"if","locations":[{"start":{"line":69,"column":8},"end":{"line":71,"column":9}},{"start":{},"end":{}}],"line":69}},"s":{"0":9,"1":9,"2":8,"3":8,"4":1,"5":7,"6":7,"7":7,"8":7,"9":1,"10":6,"11":6,"12":6,"13":4,"14":4,"15":6,"16":4,"17":4,"18":6,"19":6,"20":4,"21":4,"22":6,"23":9,"24":1,"25":8,"26":8,"27":21,"28":21,"29":21,"30":7,"31":16,"32":2,"33":14,"34":14,"35":14,"36":14,"37":14,"38":2,"39":0,"40":2,"41":1,"42":1},"f":{"0":9,"1":8,"2":9,"3":21,"4":16,"5":2},"b":{"0":[8,1],"1":[1,7],"2":[1,6],"3":[7,6,6],"4":[4,2],"5":[4,2],"6":[4,2],"7":[6,3,3],"8":[1,8],"9":[7,14],"10":[2,14],"11":[0,2],"12":[1,1]},"_coverageSchema":"1a1c01bbd47fc00a2c39e90264f33305004495a9","hash":"e556140bbca4990635d9e6c252bb4b71809aa644"}
}
