TN:
SF:static/js/booking.js
FN:2,(anonymous_0)
FN:9,(anonymous_1)
FN:43,(anonymous_2)
FN:47,(anonymous_3)
FN:56,(anonymous_4)
FN:66,(anonymous_5)
FNF:6
FNH:6
FNDA:9,(anonymous_0)
FNDA:8,(anonymous_1)
FNDA:9,(anonymous_2)
FNDA:21,(anonymous_3)
FNDA:16,(anonymous_4)
FNDA:2,(anonymous_5)
DA:3,9
DA:4,9
DA:5,8
DA:10,8
DA:12,7
DA:13,7
DA:14,7
DA:16,7
DA:18,6
DA:19,6
DA:22,6
DA:23,4
DA:24,4
DA:28,6
DA:29,4
DA:30,4
DA:34,6
DA:35,6
DA:36,4
DA:37,4
DA:40,6
DA:44,9
DA:46,8
DA:47,8
DA:48,21
DA:49,21
DA:50,21
DA:51,3
DA:57,16
DA:59,14
DA:60,14
DA:61,14
DA:62,14
DA:63,14
DA:67,2
DA:69,2
DA:70,1
DA:75,1
LF:38
LH:38
BRDA:4,0,0,8
BRDA:4,0,1,1
BRDA:10,1,0,1
BRDA:10,1,1,7
BRDA:16,2,0,1
BRDA:16,2,1,6
BRDA:16,3,0,7
BRDA:16,3,1,6
BRDA:16,3,2,6
BRDA:22,4,0,4
BRDA:22,4,1,2
BRDA:28,5,0,4
BRDA:28,5,1,2
BRDA:35,6,0,4
BRDA:35,6,1,2
BRDA:35,7,0,6
BRDA:35,7,1,3
BRDA:35,7,2,3
BRDA:44,8,0,1
BRDA:44,8,1,8
BRDA:50,9,0,3
BRDA:50,9,1,18
BRDA:50,10,0,21
BRDA:50,10,1,17
BRDA:57,11,0,2
BRDA:57,11,1,14
BRDA:67,12,0,0
BRDA:67,12,1,2
BRDA:69,13,0,1
BRDA:69,13,1,1
BRF:30
BRH:29
end_of_record
